Compose/Currency-Converter-main/core/build/intermediates/manifest_merge_blame_file/debug/manifest-merger-blame-debug-report.txt
1<?xml version="1.0" encoding="utf-8"?>
2<manifest xmlns:android="http://schemas.android.com/apk/res/android"
3    package="com.examples.core" >
4
5    <uses-sdk
6        android:minSdkVersion="23"
6-->src\main\AndroidManifest.xml
7        android:targetSdkVersion="31" />
7-->src\main\AndroidManifest.xml
8
9    <uses-permission android:name="android.permission.ACCESS_NETWORK_STATE" />
9-->src\main\AndroidManifest.xml:5:5-79
9-->src\main\AndroidManifest.xml:5:22-76
10
11    <application>
11-->src\main\AndroidManifest.xml:6:5-10:19
12        <activity android:name="com.examples.core.base.PermissionsActivity" >
12-->src\main\AndroidManifest.xml:7:9-9:20
12-->src\main\AndroidManifest.xml:7:19-76
13        </activity>
14    </application>
15
16</manifest>